2024-05-31 14:27:07 INFO     basehttp, line 212 in log_message: "GET /admin/auth/user/ HTTP/1.1" 200 15484
2024-05-31 14:27:07 INFO     basehttp, line 212 in log_message: "GET /admin/jsi18n/ HTTP/1.1" 200 3342
2024-05-31 14:27:09 INFO     basehttp, line 212 in log_message: "GET /admin/auth/user/ HTTP/1.1" 200 15350
2024-05-31 14:27:09 INFO     basehttp, line 212 in log_message: "GET /admin/jsi18n/ HTTP/1.1" 200 3342
2024-05-31 14:27:18 INFO     basehttp, line 212 in log_message: "OPTIONS /api/register_user/ HTTP/1.1" 200 0
2024-05-31 14:27:19 INFO     signals, line 14 in create_activation_email: ActivateAccount_Email created for user: nirstam@gmail.com
2024-05-31 14:27:19 ERROR    log, line 241 in log_response: Internal Server Error: /api/register_user/
Traceback (most recent call last):
  File "/Users/elmaliahmac/Documents/Full_stack/Django_server/env/lib/python3.11/site-packages/django/core/handlers/exception.py", line 55, in inner
    response = get_response(request)
               ^^^^^^^^^^^^^^^^^^^^^
  File "/Users/elmaliahmac/Documents/Full_stack/Django_server/env/lib/python3.11/site-packages/django/core/handlers/base.py", line 197, in _get_response
    response = wrapped_callback(request, *callback_args, **callback_kwargs)
               ^^^^^^^^^^^^^^^^^^^^^^^^^^^^^^^^^^^^^^^^^^^^^^^^^^^^^^^^^^^^
  File "/Users/elmaliahmac/Documents/Full_stack/Django_server/env/lib/python3.11/site-packages/sentry_sdk/integrations/django/views.py", line 84, in sentry_wrapped_callback
    return callback(request, *args, **kwargs)
           ^^^^^^^^^^^^^^^^^^^^^^^^^^^^^^^^^^
  File "/Users/elmaliahmac/Documents/Full_stack/Django_server/env/lib/python3.11/site-packages/django/views/decorators/csrf.py", line 65, in _view_wrapper
    return view_func(request, *args, **kwargs)
           ^^^^^^^^^^^^^^^^^^^^^^^^^^^^^^^^^^^
  File "/Users/elmaliahmac/Documents/Full_stack/Django_server/env/lib/python3.11/site-packages/rest_framework/viewsets.py", line 125, in view
    return self.dispatch(request, *args, **kwargs)
           ^^^^^^^^^^^^^^^^^^^^^^^^^^^^^^^^^^^^^^^
  File "/Users/elmaliahmac/Documents/Full_stack/Django_server/env/lib/python3.11/site-packages/rest_framework/views.py", line 509, in dispatch
    response = self.handle_exception(exc)
               ^^^^^^^^^^^^^^^^^^^^^^^^^^
  File "/Users/elmaliahmac/Documents/Full_stack/Django_server/env/lib/python3.11/site-packages/rest_framework/views.py", line 469, in handle_exception
    self.raise_uncaught_exception(exc)
  File "/Users/elmaliahmac/Documents/Full_stack/Django_server/env/lib/python3.11/site-packages/rest_framework/views.py", line 480, in raise_uncaught_exception
    raise exc
  File "/Users/elmaliahmac/Documents/Full_stack/Django_server/env/lib/python3.11/site-packages/rest_framework/views.py", line 506, in dispatch
    response = handler(request, *args, **kwargs)
               ^^^^^^^^^^^^^^^^^^^^^^^^^^^^^^^^^
  File "/Users/elmaliahmac/Documents/Full_stack/Django_server/myapp/logic/views/Aut_Token.py", line 122, in register
    send_activation_email(user, request)
  File "/Users/elmaliahmac/Documents/Full_stack/Django_server/myapp/logic/views/Aut_Token.py", line 26, in send_activation_email
    refresh = AutenticacionToken.get_token(user)
              ^^^^^^^^^^^^^^^^^^^^^^^^^^^^^^^^^^
  File "/Users/elmaliahmac/Documents/Full_stack/Django_server/myapp/logic/views/Aut_Token.py", line 56, in get_token
    print(colored('Getting token for user: ' + user.username, 'green'))
          ^^^^^^^
NameError: name 'colored' is not defined
2024-05-31 14:27:19 ERROR    basehttp, line 212 in log_message: "POST /api/register_user/ HTTP/1.1" 500 113639
2024-05-31 14:27:31 INFO     basehttp, line 212 in log_message: "GET /admin/auth/user/ HTTP/1.1" 200 15833
2024-05-31 14:27:31 INFO     basehttp, line 212 in log_message: "GET /admin/jsi18n/ HTTP/1.1" 200 3342
2024-05-31 14:29:40 INFO     basehttp, line 212 in log_message: "GET /admin/db_email_backend/email/ HTTP/1.1" 200 12017
2024-05-31 14:29:40 INFO     basehttp, line 212 in log_message: "GET /admin/jsi18n/ HTTP/1.1" 200 3342
2024-05-31 14:29:41 INFO     basehttp, line 212 in log_message: "GET /admin/db_email_backend/email/ HTTP/1.1" 200 12017
2024-05-31 14:29:41 INFO     basehttp, line 212 in log_message: "GET /admin/jsi18n/ HTTP/1.1" 200 3342
2024-05-31 14:31:38 INFO     autoreload, line 266 in trigger_reload: /Users/elmaliahmac/Documents/Full_stack/Django_server/myapp/logic/views/Aut_Token.py changed, reloading.
2024-05-31 14:31:40 INFO     autoreload, line 668 in run_with_reloader: Watching for file changes with StatReloader
2024-05-31 14:31:46 INFO     basehttp, line 212 in log_message: "GET /admin/db_email_backend/email/ HTTP/1.1" 200 12017
2024-05-31 14:31:46 INFO     basehttp, line 212 in log_message: "GET /admin/jsi18n/ HTTP/1.1" 200 3342
2024-05-31 14:31:48 INFO     basehttp, line 212 in log_message: "GET /admin/auth/user/ HTTP/1.1" 200 15833
2024-05-31 14:31:48 INFO     basehttp, line 212 in log_message: "GET /admin/jsi18n/ HTTP/1.1" 200 3342
2024-05-31 14:31:54 INFO     basehttp, line 212 in log_message: "POST /admin/auth/user/ HTTP/1.1" 200 11630
2024-05-31 14:31:54 INFO     basehttp, line 212 in log_message: "POST /admin/auth/user/ HTTP/1.1" 302 0
2024-05-31 14:31:54 INFO     basehttp, line 212 in log_message: "GET /admin/auth/user/ HTTP/1.1" 200 15484
2024-05-31 14:31:54 INFO     basehttp, line 212 in log_message: "GET /admin/jsi18n/ HTTP/1.1" 200 3342
2024-05-31 14:32:02 INFO     basehttp, line 212 in log_message: "GET /admin/auth/user/ HTTP/1.1" 200 15350
2024-05-31 14:32:02 INFO     basehttp, line 212 in log_message: "GET /admin/jsi18n/ HTTP/1.1" 200 3342
2024-05-31 14:32:15 INFO     autoreload, line 668 in run_with_reloader: Watching for file changes with StatReloader
2024-05-31 14:32:25 INFO     basehttp, line 212 in log_message: "OPTIONS /api/register_user/ HTTP/1.1" 200 0
2024-05-31 14:32:26 INFO     signals, line 14 in create_activation_email: ActivateAccount_Email created for user: nirstam@gmail.com
2024-05-31 14:32:28 INFO     basehttp, line 212 in log_message: "POST /api/register_user/ HTTP/1.1" 201 162
2024-05-31 14:32:44 WARNING  log, line 241 in log_response: Not Found: /activate/MTIw/c7wb22-1d06a49c818e52e05c71829e6a99145e
2024-05-31 14:32:44 WARNING  basehttp, line 212 in log_message: "GET /activate/MTIw/c7wb22-1d06a49c818e52e05c71829e6a99145e HTTP/1.1" 404 4510
2024-05-31 14:34:05 INFO     basehttp, line 212 in log_message: "GET /admin/auth/user/ HTTP/1.1" 200 15833
2024-05-31 14:34:05 INFO     basehttp, line 212 in log_message: "GET /admin/jsi18n/ HTTP/1.1" 200 3342
2024-05-31 14:34:07 INFO     basehttp, line 212 in log_message: "GET /admin/db_email_backend/email/ HTTP/1.1" 200 12017
2024-05-31 14:34:07 INFO     basehttp, line 212 in log_message: "GET /admin/jsi18n/ HTTP/1.1" 200 3342
2024-05-31 14:34:10 INFO     basehttp, line 212 in log_message: "GET /admin/db_email_backend/email/ HTTP/1.1" 200 12017
2024-05-31 14:34:10 INFO     basehttp, line 212 in log_message: "GET /admin/jsi18n/ HTTP/1.1" 200 3342
2024-05-31 14:34:53 INFO     autoreload, line 266 in trigger_reload: /Users/elmaliahmac/Documents/Full_stack/Django_server/myapp/apis/urls.py changed, reloading.
2024-05-31 14:34:59 INFO     autoreload, line 668 in run_with_reloader: Watching for file changes with StatReloader
2024-05-31 14:36:17 INFO     autoreload, line 266 in trigger_reload: /Users/elmaliahmac/Documents/Full_stack/Django_server/myapp/logic/views/Aut_Token.py changed, reloading.
2024-05-31 14:36:23 INFO     autoreload, line 668 in run_with_reloader: Watching for file changes with StatReloader
2024-05-31 14:36:58 INFO     autoreload, line 266 in trigger_reload: /Users/elmaliahmac/Documents/Full_stack/Django_server/myapp/logic/views/Aut_Token.py changed, reloading.
2024-05-31 14:37:06 INFO     autoreload, line 668 in run_with_reloader: Watching for file changes with StatReloader
2024-05-31 14:37:31 INFO     autoreload, line 266 in trigger_reload: /Users/elmaliahmac/Documents/Full_stack/Django_server/myapp/logic/views/Aut_Token.py changed, reloading.
2024-05-31 14:37:34 INFO     autoreload, line 668 in run_with_reloader: Watching for file changes with StatReloader
2024-05-31 14:38:57 INFO     autoreload, line 266 in trigger_reload: /Users/elmaliahmac/Documents/Full_stack/Django_server/myapp/logic/views/Aut_Token.py changed, reloading.
2024-05-31 14:39:02 INFO     autoreload, line 668 in run_with_reloader: Watching for file changes with StatReloader
2024-05-31 14:39:59 INFO     autoreload, line 266 in trigger_reload: /Users/elmaliahmac/Documents/Full_stack/Django_server/myapp/apis/urls.py changed, reloading.
2024-05-31 14:40:01 INFO     autoreload, line 668 in run_with_reloader: Watching for file changes with StatReloader
2024-05-31 14:41:10 INFO     autoreload, line 266 in trigger_reload: /Users/elmaliahmac/Documents/Full_stack/Django_server/myapp/logic/views/Aut_Token.py changed, reloading.
2024-05-31 14:41:12 INFO     autoreload, line 668 in run_with_reloader: Watching for file changes with StatReloader
2024-05-31 14:43:08 INFO     autoreload, line 266 in trigger_reload: /Users/elmaliahmac/Documents/Full_stack/Django_server/myapp/logic/views/Aut_Token.py changed, reloading.
2024-05-31 14:43:14 INFO     autoreload, line 668 in run_with_reloader: Watching for file changes with StatReloader
2024-05-31 14:43:23 INFO     autoreload, line 266 in trigger_reload: /Users/elmaliahmac/Documents/Full_stack/Django_server/myapp/logic/views/Aut_Token.py changed, reloading.
2024-05-31 14:43:26 INFO     autoreload, line 668 in run_with_reloader: Watching for file changes with StatReloader
2024-05-31 14:45:07 INFO     autoreload, line 668 in run_with_reloader: Watching for file changes with StatReloader
2024-05-31 14:45:55 INFO     autoreload, line 266 in trigger_reload: /Users/elmaliahmac/Documents/Full_stack/Django_server/myapp/logic/views/Aut_Token.py changed, reloading.
2024-05-31 14:45:58 INFO     autoreload, line 668 in run_with_reloader: Watching for file changes with StatReloader
2024-05-31 14:46:10 INFO     basehttp, line 212 in log_message: "GET /admin/db_email_backend/email/ HTTP/1.1" 200 12017
2024-05-31 14:46:10 INFO     basehttp, line 212 in log_message: "GET /admin/jsi18n/ HTTP/1.1" 200 3342
2024-05-31 14:46:11 INFO     basehttp, line 212 in log_message: "GET /admin/auth/user/ HTTP/1.1" 200 15833
2024-05-31 14:46:11 INFO     basehttp, line 212 in log_message: "GET /admin/jsi18n/ HTTP/1.1" 200 3342
2024-05-31 14:46:15 INFO     basehttp, line 212 in log_message: "POST /admin/auth/user/ HTTP/1.1" 200 11630
2024-05-31 14:46:16 INFO     basehttp, line 212 in log_message: "POST /admin/auth/user/ HTTP/1.1" 302 0
2024-05-31 14:46:16 INFO     basehttp, line 212 in log_message: "GET /admin/auth/user/ HTTP/1.1" 200 15484
2024-05-31 14:46:16 INFO     basehttp, line 212 in log_message: "GET /admin/jsi18n/ HTTP/1.1" 200 3342
2024-05-31 14:46:21 INFO     basehttp, line 212 in log_message: "GET /admin/auth/user/ HTTP/1.1" 200 15350
2024-05-31 14:46:21 INFO     basehttp, line 212 in log_message: "GET /admin/jsi18n/ HTTP/1.1" 200 3342
2024-05-31 14:46:28 INFO     basehttp, line 212 in log_message: "OPTIONS /api/register_user/ HTTP/1.1" 200 0
2024-05-31 14:46:28 INFO     signals, line 14 in create_activation_email: ActivateAccount_Email created for user: nirstam@gmail.com
2024-05-31 14:46:30 INFO     basehttp, line 212 in log_message: "POST /api/register_user/ HTTP/1.1" 201 162
2024-05-31 14:46:48 INFO     basehttp, line 212 in log_message: "GET /activate/MTIx/c7wbpg-81c54cb28291874ba47eedf421291b64 HTTP/1.1" 301 0
2024-05-31 14:46:48 INFO     signals, line 26 in save_user_profile: UserProfile saved for user: nirstam@gmail.com
2024-05-31 14:46:48 INFO     basehttp, line 212 in log_message: "GET /activate/MTIx/c7wbpg-81c54cb28291874ba47eedf421291b64/ HTTP/1.1" 302 0
2024-05-31 14:47:00 INFO     basehttp, line 212 in log_message: "GET /admin/auth/user/ HTTP/1.1" 200 15833
2024-05-31 14:47:00 INFO     basehttp, line 212 in log_message: "GET /admin/jsi18n/ HTTP/1.1" 200 3342
2024-05-31 14:47:02 INFO     basehttp, line 212 in log_message: "GET /admin/db_email_backend/email/ HTTP/1.1" 200 12017
2024-05-31 14:47:02 INFO     basehttp, line 212 in log_message: "GET /admin/jsi18n/ HTTP/1.1" 200 3342
2024-05-31 14:47:03 INFO     basehttp, line 212 in log_message: "GET /admin/db_email_backend/email/ HTTP/1.1" 200 12017
2024-05-31 14:47:03 INFO     basehttp, line 212 in log_message: "GET /admin/jsi18n/ HTTP/1.1" 200 3342
2024-05-31 14:47:05 INFO     basehttp, line 212 in log_message: "GET /admin/myapp/activateaccount_email/ HTTP/1.1" 200 12719
2024-05-31 14:47:05 INFO     basehttp, line 212 in log_message: "GET /admin/jsi18n/ HTTP/1.1" 200 3342
2024-05-31 14:47:07 INFO     basehttp, line 212 in log_message: "GET /admin/myapp/activitylog/ HTTP/1.1" 200 11264
2024-05-31 14:47:07 INFO     basehttp, line 212 in log_message: "GET /admin/jsi18n/ HTTP/1.1" 200 3342
2024-05-31 14:47:09 INFO     basehttp, line 212 in log_message: "GET /admin/myapp/userprofile/ HTTP/1.1" 200 12562
2024-05-31 14:47:09 INFO     basehttp, line 212 in log_message: "GET /admin/jsi18n/ HTTP/1.1" 200 3342
2024-05-31 14:48:11 INFO     basehttp, line 212 in log_message: "OPTIONS /login/ HTTP/1.1" 200 0
2024-05-31 14:48:12 INFO     signals, line 26 in save_user_profile: UserProfile saved for user: nirstam@gmail.com
2024-05-31 14:48:12 INFO     basehttp, line 212 in log_message: "POST /login/ HTTP/1.1" 200 1321
2024-05-31 14:49:25 INFO     basehttp, line 212 in log_message: "OPTIONS /login/ HTTP/1.1" 200 0
2024-05-31 14:49:31 INFO     signals, line 26 in save_user_profile: UserProfile saved for user: nirstam@gmail.com
2024-05-31 14:49:31 INFO     basehttp, line 212 in log_message: "POST /login/ HTTP/1.1" 200 1401
2024-05-31 14:49:31 INFO     basehttp, line 81 in handle_error: - Broken pipe from ('127.0.0.1', 63774)
2024-05-31 14:50:22 INFO     basehttp, line 212 in log_message: "OPTIONS /login/ HTTP/1.1" 200 0
2024-05-31 14:50:26 INFO     signals, line 26 in save_user_profile: UserProfile saved for user: nirstam@gmail.com
2024-05-31 14:50:26 INFO     basehttp, line 212 in log_message: "POST /login/ HTTP/1.1" 200 1401
